<?xml version="1.0" encoding="UTF-8"?>
<testng-results ignored="0" total="4" passed="4" failed="0" skipped="0">
  <reporter-output>
  </reporter-output>
  <suite started-at="2026-05-10T16:58:53 IST" name="Banking Application Test Suite" finished-at="2026-05-10T16:59:46 IST" duration-ms="53421">
    <groups>
    </groups>
    <test started-at="2026-05-10T16:58:53 IST" name="Login Tests" finished-at="2026-05-10T16:59:16 IST" duration-ms="22906">
      <class name="com.banking.tests.LoginTest">
        <test-method is-config="true" signature="launchBrowser()[pri:0, instance:com.banking.tests.LoginTest@418e7838]" started-at="2026-05-10T16:58:53 IST" name="launchBrowser" finished-at="2026-05-10T16:59:05 IST" duration-ms="11972" status="PASS">
          <reporter-output>
          </reporter-output>
        </test-method> <!-- launchBrowser -->
        <test-method is-config="true" signature="setupContext()[pri:0, instance:com.banking.tests.LoginTest@418e7838]" started-at="2026-05-10T16:59:05 IST" name="setupContext" finished-at="2026-05-10T16:59:06 IST" duration-ms="884" status="PASS">
          <reporter-output>
          </reporter-output>
        </test-method> <!-- setupContext -->
        <test-method signature="testInvalidLogin()[pri:0, instance:com.banking.tests.LoginTest@418e7838]" started-at="2026-05-10T16:59:06 IST" name="testInvalidLogin" description="Test invalid login functionality" finished-at="2026-05-10T16:59:10 IST" duration-ms="4159" status="PASS">
          <reporter-output>
          </reporter-output>
        </test-method> <!-- testInvalidLogin -->
        <test-method is-config="true" signature="tearDown(org.testng.ITestResult)[pri:0, instance:com.banking.tests.LoginTest@418e7838]" started-at="2026-05-10T16:59:10 IST" name="tearDown" finished-at="2026-05-10T16:59:10 IST" duration-ms="138" status="PASS">
          <params>
            <param index="0">
              <value>
                <![CDATA[[TestResult name=testInvalidLogin status=SUCCESS method=LoginTest.testInvalidLogin()[pri:0, instance:com.banking.tests.LoginTest@418e7838] output={null}]]]>
              </value>
            </param>
          </params>
          <reporter-output>
          </reporter-output>
        </test-method> <!-- tearDown -->
        <test-method is-config="true" signature="setupContext()[pri:0, instance:com.banking.tests.LoginTest@418e7838]" started-at="2026-05-10T16:59:10 IST" name="setupContext" finished-at="2026-05-10T16:59:10 IST" duration-ms="440" status="PASS">
          <reporter-output>
          </reporter-output>
        </test-method> <!-- setupContext -->
        <test-method signature="testValidLogin()[pri:0, instance:com.banking.tests.LoginTest@418e7838]" started-at="2026-05-10T16:59:10 IST" name="testValidLogin" description="Test valid login functionality" finished-at="2026-05-10T16:59:15 IST" duration-ms="4344" status="PASS">
          <reporter-output>
          </reporter-output>
        </test-method> <!-- testValidLogin -->
        <test-method is-config="true" signature="tearDown(org.testng.ITestResult)[pri:0, instance:com.banking.tests.LoginTest@418e7838]" started-at="2026-05-10T16:59:15 IST" name="tearDown" finished-at="2026-05-10T16:59:15 IST" duration-ms="118" status="PASS">
          <params>
            <param index="0">
              <value>
                <![CDATA[[TestResult name=testValidLogin status=SUCCESS method=LoginTest.testValidLogin()[pri:0, instance:com.banking.tests.LoginTest@418e7838] output={null}]]]>
              </value>
            </param>
          </params>
          <reporter-output>
          </reporter-output>
        </test-method> <!-- tearDown -->
        <test-method is-config="true" signature="closeBrowser()[pri:0, instance:com.banking.tests.LoginTest@418e7838]" started-at="2026-05-10T16:59:15 IST" name="closeBrowser" finished-at="2026-05-10T16:59:16 IST" duration-ms="805" status="PASS">
          <reporter-output>
          </reporter-output>
        </test-method> <!-- closeBrowser -->
      </class> <!-- com.banking.tests.LoginTest -->
    </test> <!-- Login Tests -->
    <test started-at="2026-05-10T16:59:16 IST" name="Loan Application Tests" finished-at="2026-05-10T16:59:31 IST" duration-ms="15430">
      <class name="com.banking.tests.LoanApplicationTest">
        <test-method is-config="true" signature="launchBrowser()[pri:0, instance:com.banking.tests.LoanApplicationTest@28eaa59a]" started-at="2026-05-10T16:59:16 IST" name="launchBrowser" finished-at="2026-05-10T16:59:20 IST" duration-ms="3779" status="PASS">
          <reporter-output>
          </reporter-output>
        </test-method> <!-- launchBrowser -->
        <test-method is-config="true" signature="setupContext()[pri:0, instance:com.banking.tests.LoanApplicationTest@28eaa59a]" started-at="2026-05-10T16:59:20 IST" name="setupContext" finished-at="2026-05-10T16:59:20 IST" duration-ms="843" status="PASS">
          <reporter-output>
          </reporter-output>
        </test-method> <!-- setupContext -->
        <test-method signature="verifyTractorLoanFlow()[pri:0, instance:com.banking.tests.LoanApplicationTest@28eaa59a]" started-at="2026-05-10T16:59:20 IST" name="verifyTractorLoanFlow" finished-at="2026-05-10T16:59:30 IST" duration-ms="9638" status="PASS">
          <reporter-output>
          </reporter-output>
        </test-method> <!-- verifyTractorLoanFlow -->
        <test-method is-config="true" signature="tearDown(org.testng.ITestResult)[pri:0, instance:com.banking.tests.LoanApplicationTest@28eaa59a]" started-at="2026-05-10T16:59:30 IST" name="tearDown" finished-at="2026-05-10T16:59:30 IST" duration-ms="352" status="PASS">
          <params>
            <param index="0">
              <value>
                <![CDATA[[TestResult name=verifyTractorLoanFlow status=SUCCESS method=LoanApplicationTest.verifyTractorLoanFlow()[pri:0, instance:com.banking.tests.LoanApplicationTest@28eaa59a] output={null}]]]>
              </value>
            </param>
          </params>
          <reporter-output>
          </reporter-output>
        </test-method> <!-- tearDown -->
        <test-method is-config="true" signature="closeBrowser()[pri:0, instance:com.banking.tests.LoanApplicationTest@28eaa59a]" started-at="2026-05-10T16:59:30 IST" name="closeBrowser" finished-at="2026-05-10T16:59:31 IST" duration-ms="813" status="PASS">
          <reporter-output>
          </reporter-output>
        </test-method> <!-- closeBrowser -->
      </class> <!-- com.banking.tests.LoanApplicationTest -->
    </test> <!-- Loan Application Tests -->
    <test started-at="2026-05-10T16:59:31 IST" name="End-to-End Banking Tests" finished-at="2026-05-10T16:59:46 IST" duration-ms="14917">
      <class name="com.banking.tests.EndToEndBankingTest">
        <test-method is-config="true" signature="launchBrowser()[pri:0, instance:com.banking.tests.EndToEndBankingTest@3c407114]" started-at="2026-05-10T16:59:31 IST" name="launchBrowser" finished-at="2026-05-10T16:59:35 IST" duration-ms="3970" status="PASS">
          <reporter-output>
          </reporter-output>
        </test-method> <!-- launchBrowser -->
        <test-method is-config="true" signature="setupContext()[pri:0, instance:com.banking.tests.EndToEndBankingTest@3c407114]" started-at="2026-05-10T16:59:35 IST" name="setupContext" finished-at="2026-05-10T16:59:36 IST" duration-ms="850" status="PASS">
          <reporter-output>
          </reporter-output>
        </test-method> <!-- setupContext -->
        <test-method signature="verifyCompleteLoanDisbursementFlow()[pri:0, instance:com.banking.tests.EndToEndBankingTest@3c407114]" started-at="2026-05-10T16:59:36 IST" name="verifyCompleteLoanDisbursementFlow" finished-at="2026-05-10T16:59:45 IST" duration-ms="8995" status="PASS">
          <reporter-output>
          </reporter-output>
        </test-method> <!-- verifyCompleteLoanDisbursementFlow -->
        <test-method is-config="true" signature="tearDown(org.testng.ITestResult)[pri:0, instance:com.banking.tests.EndToEndBankingTest@3c407114]" started-at="2026-05-10T16:59:45 IST" name="tearDown" finished-at="2026-05-10T16:59:45 IST" duration-ms="336" status="PASS">
          <params>
            <param index="0">
              <value>
                <![CDATA[[TestResult name=verifyCompleteLoanDisbursementFlow status=SUCCESS method=EndToEndBankingTest.verifyCompleteLoanDisbursementFlow()[pri:0, instance:com.banking.tests.EndToEndBankingTest@3c407114] output={null}]]]>
              </value>
            </param>
          </params>
          <reporter-output>
          </reporter-output>
        </test-method> <!-- tearDown -->
        <test-method is-config="true" signature="closeBrowser()[pri:0, instance:com.banking.tests.EndToEndBankingTest@3c407114]" started-at="2026-05-10T16:59:45 IST" name="closeBrowser" finished-at="2026-05-10T16:59:46 IST" duration-ms="762" status="PASS">
          <reporter-output>
          </reporter-output>
        </test-method> <!-- closeBrowser -->
      </class> <!-- com.banking.tests.EndToEndBankingTest -->
    </test> <!-- End-to-End Banking Tests -->
  </suite> <!-- Banking Application Test Suite -->
</testng-results>
